Change Designator: Invalid Designator
Add Component: Footprint Not Found JM-5_TSW-105-17-T-S-LL
Add Pin To Net: Unknown Pin: Pin BM-01
Add Pin To Net: Unknown Pin: Pin BM-02
Add Pin To Net: Unknown Pin: Pin BM-03
Add Pin To Net: Unknown Pin: Pin BM-04
Add Pin To Net: Unknown Pin: Pin BM-05
Add Class Member: Failed to add class member : Component BM TSW-105-17-T-S-LL
Added Member To Class: ClassName=LV_breakout_main Member=Component H? Stencil Hole
Added Member To Class: ClassName=LV_breakout_main Member=Component H? Stencil Hole
Added Member To Class: ClassName=LV_breakout_main Member=Component H? Stencil Hole
Added Member To Class: ClassName=camera_hdmi Member=Component  885012206071
Added Member To Class: ClassName=current_measure Member=Component  885012206071
Added Member To Class: ClassName=current_measure Member=Component  0603Bl
Added Member To Class: ClassName=current_measure Member=Component  885012206071
Added Member To Class: ClassName=enviornment_IMU Member=Component  Resistor 10k +/-1% 0805 125 mW
Added Member To Class: ClassName=enviornment_IMU Member=Component  885012206071
Added Member To Class: ClassName=enviornment_IMU Member=Component  Resistor 10k +/-1% 0805 125 mW
Added Member To Class: ClassName=enviornment_IMU Member=Component  885012206071
Added Member To Class: ClassName=enviornment_IMU Member=Component  885012206071
Added Member To Class: ClassName=enviornment_IMU Member=Component  885012206071
Added Member To Class: ClassName=enviornment_IMU Member=Component  Resistor 10k +/-1% 0805 125 mW
Added Member To Class: ClassName=enviornment_IMU Member=Component  885012206071
Added Room: Name=camera_hdmi
Added Room: Name=current_measure
Added Room: Name=enviornment_IMU
Added Room: Name=LV_breakout_main
