Change Designator: Invalid Designator
Change Component Description : Designator=ETH_MAG Old Description=1X1 New Description=1X1 | GIGABIT | Tab Up| Automotive Temperature | Low Profile | With LED
Added Differential Pair: Name=ETH_PAIR0
Added Differential Pair: Name=ETH_PAIR1
Added Differential Pair: Name=ETH_PAIR2
Added Differential Pair: Name=ETH_PAIR3
Added Member To Class: ClassName=camera_hdmi Member=Component  885012206071
Added Member To Class: ClassName=camera_hdmi Member=Component  885012206071
Added Member To Class: ClassName=current_measure Member=Component  885012206071
Added Member To Class: ClassName=current_measure Member=Component  0603Bl
Added Member To Class: ClassName=current_measure Member=Component  885012206071
Added Member To Class: ClassName=current_measure Member=Component  Resistor 10k +/-1% 0805 125 mW
Added Member To Class: ClassName=enviornment_IMU Member=Component  Resistor 10k +/-1% 0805 125 mW
Added Member To Class: ClassName=enviornment_IMU Member=Component  885012206071
Added Member To Class: ClassName=enviornment_IMU Member=Component  885012206071
Added Member To Class: ClassName=enviornment_IMU Member=Component  Resistor 10k +/-1% 0805 125 mW
Added Member To Class: ClassName=enviornment_IMU Member=Component  885012206071
Added Member To Class: ClassName=enviornment_IMU Member=Component  Resistor 10k +/-1% 0805 125 mW
Added Member To Class: ClassName=enviornment_IMU Member=Component  885012206071
Added Member To Class: ClassName=enviornment_IMU Member=Component  Resistor 10k +/-1% 0805 125 mW
Added Member To Class: ClassName=enviornment_IMU Member=Component  885012206071
Added Member To Class: ClassName=LV_breakout_main Member=Component  282837-2
Added Member To Class: ClassName=USB_ETHERNET_SD Member=Component  10uF
Added Room: Name=camera_hdmi
Added Room: Name=current_measure
Added Room: Name=enviornment_IMU
Added Room: Name=LV_breakout_main
