Removed Pin From Net: NetName=IC_POW Pin=1-100-54
Removed Pin From Net: NetName=CM4_3.3V Pin=PI connect-1
Removed Pin From Net: NetName=I2C_SDA Pin=PI connect-2
Removed Pin From Net: NetName=I2C_SCLK Pin=PI connect-3
Removed Pin From Net: NetName=IC_POW Pin=PI connect-4
Removed Pin From Net: NetName=GND Pin=PI connect-8
Removed Member From Class: ClassName=LV_breakout_main Member=PI connect
Removed Member From Class: ClassName=camera_hdmi Member=r
Removed Member From Class: ClassName=current_measure Member=r
Removed Member From Class: ClassName=LV_breakout_main Member=r
Removed Member From Class: ClassName=USB_ETHERNET_SD Member=r
Change Designator: Invalid Designator
Added Component: Designator=GND_SDA_SCLK_3.3(JM-4_TSW-104-14-S-S)
Add component (AddParameter): Name = "LCSC PART#"; Value = "C2691448"; VariantName = "[No Variations]"
Add component (AddParameter): Name = "MFR PART #"; Value = "PZ254V-11-04P"; VariantName = "[No Variations]"
Add component (AddParameter): Name = "MP"; Value = "TSW-104-14-S-S"; VariantName = "[No Variations]"
Added Pin To Net: NetName=GND Pin=BNO085-14
Added Pin To Net: NetName=CM4_3.3V Pin=GND_SDA_SCLK_3.3-01
Added Pin To Net: NetName=I2C_SDA Pin=GND_SDA_SCLK_3.3-02
Added Pin To Net: NetName=I2C_SCLK Pin=GND_SDA_SCLK_3.3-03
Added Pin To Net: NetName=GND Pin=GND_SDA_SCLK_3.3-04
Added Member To Class: ClassName=LV_breakout_main Member=Component GND_SDA_SCLK_3.3 TSW-104-14-S-S
Added Member To Class: ClassName=camera_hdmi Member=Component  885012206071
Added Member To Class: ClassName=camera_hdmi Member=Component  885012206071
Added Member To Class: ClassName=current_measure Member=Component  885012206071
Added Member To Class: ClassName=current_measure Member=Component  885012206071
Added Member To Class: ClassName=current_measure Member=Component  0603Bl
Added Member To Class: ClassName=current_measure Member=Component  Resistor 10k +/-1% 0805 125 mW
Added Member To Class: ClassName=enviornment_IMU Member=Component  Resistor 10k +/-1% 0805 125 mW
Added Member To Class: ClassName=enviornment_IMU Member=Component  885012206071
Added Member To Class: ClassName=enviornment_IMU Member=Component  885012206071
Added Member To Class: ClassName=enviornment_IMU Member=Component  Resistor 10k +/-1% 0805 125 mW
Added Member To Class: ClassName=enviornment_IMU Member=Component  Resistor 10k +/-1% 0805 125 mW
Added Member To Class: ClassName=enviornment_IMU Member=Component  885012206071
Added Member To Class: ClassName=enviornment_IMU Member=Component  885012206071
Added Member To Class: ClassName=enviornment_IMU Member=Component  885012206071
Added Member To Class: ClassName=enviornment_IMU Member=Component  Resistor 10k +/-1% 0805 125 mW
Added Member To Class: ClassName=LV_breakout_main Member=Component  282837-2
Added Member To Class: ClassName=USB_ETHERNET_SD Member=Component  10uF
Added Room: Name=camera_hdmi
Added Room: Name=current_measure
Added Room: Name=enviornment_IMU
Added Room: Name=LV_breakout_main
