Removed Member From Class: ClassName=camera_hdmi Member=r
Removed Member From Class: ClassName=current_measure Member=r
Removed Member From Class: ClassName=LV_breakout_main Member=r
Removed Member From Class: ClassName=USB_ETHERNET_SD Member=r
Change Designator: Invalid Designator
Change Net Name : Old Net Name=Net?_2 New Net Name=Net_1
Added Member To Class: ClassName=camera_hdmi Member=Component  885012206071
Added Member To Class: ClassName=camera_hdmi Member=Component  885012206071
Added Member To Class: ClassName=current_measure Member=Component  0603Bl
Added Member To Class: ClassName=current_measure Member=Component  885012206071
Added Member To Class: ClassName=current_measure Member=Component  885012206071
Added Member To Class: ClassName=enviornment_IMU Member=Component  Resistor 10k +/-1% 0805 125 mW
Added Member To Class: ClassName=enviornment_IMU Member=Component  885012206071
Added Member To Class: ClassName=enviornment_IMU Member=Component  Resistor 10k +/-1% 0805 125 mW
Added Member To Class: ClassName=enviornment_IMU Member=Component  885012206071
Added Member To Class: ClassName=enviornment_IMU Member=Component  885012206071
Added Member To Class: ClassName=enviornment_IMU Member=Component  Resistor 10k +/-1% 0805 125 mW
Added Member To Class: ClassName=enviornment_IMU Member=Component  885012206071
Added Member To Class: ClassName=enviornment_IMU Member=Component  Resistor 10k +/-1% 0805 125 mW
Added Member To Class: ClassName=enviornment_IMU Member=Component  885012206071
Added Member To Class: ClassName=LV_breakout_main Member=Component  282837-2
Added Member To Class: ClassName=USB_ETHERNET_SD Member=Component  10uF
Added Room: Name=camera_hdmi
Added Room: Name=current_measure
Added Room: Name=enviornment_IMU
Added Room: Name=LV_breakout_main
