Removed Pin From Net: NetName=VCC_5V Pin=5V_In-1
Removed Pin From Net: NetName=GND Pin=R1-2
Removed Member From Class: ClassName=LV_breakout_main Member=5V_In
Removed Member From Class: ClassName=LV_breakout_main Member=R1
Change Component Designator: OldDesignator= NewDesignator=100nF
Change Component Designator: OldDesignator= NewDesignator=100nF
Change Component Designator: OldDesignator= NewDesignator=100nF
Change Component Designator: OldDesignator= NewDesignator=R2
Change Component Designator: OldDesignator= NewDesignator=R3
Change Component Designator: OldDesignator= NewDesignator=R4
Change Component Designator: OldDesignator= NewDesignator=RLED2
Change Component Designator: OldDesignator= NewDesignator=RLED3
Added Component: Designator=?(LED_0603)
Add component (AddParameter): Name = "LCSC Part#"; Value = "C72041"; VariantName = "[No Variations]"
Add component (AddParameter): Name = "MFR Part #"; Value = "19-217/BHC-ZL1M2RY/3T"; VariantName = "[No Variations]"
Add component (AddParameter): Name = "Type"; Value = "Basic"; VariantName = "[No Variations]"
Add component (AddParameter): Name = "Value"; Value = "Blue"; VariantName = "[No Variations]"
Added Component: Designator=R?(RESC2013X50X35ML15T15)
Add component (AddParameter): Name = "Case/Package"; Value = "0805"; VariantName = "[No Variations]"
Add component (AddParameter): Name = "Max Operating Temperature"; Value = "155°C"; VariantName = "[No Variations]"
Add component (AddParameter): Name = "Min Operating Temperature"; Value = "-55°C"; VariantName = "[No Variations]"
Add component (AddParameter): Name = "Mounting Technology"; Value = "SM"; VariantName = "[No Variations]"
Add component (AddParameter): Name = "Pins"; Value = "2"; VariantName = "[No Variations]"
Add component (AddParameter): Name = "Power"; Value = "125mW"; VariantName = "[No Variations]"
Add component (AddParameter): Name = "RoHS Compliant"; Value = "True"; VariantName = "[No Variations]"
Add component (AddParameter): Name = "Tolerance"; Value = "1%"; VariantName = "[No Variations]"
Add component (AddParameter): Name = "Value"; Value = "3.3k"; VariantName = "[No Variations]"
Add component (AddParameter): Name = "Voltage Rating"; Value = "150V"; VariantName = "[No Variations]"
Added Pin To Net: NetName=VCC_5V Pin=?-1
Added Pin To Net: NetName=CM4_3.3V Pin=BNO085-10
Added Pin To Net: NetName=GND Pin=BNO085-26
Added Pin To Net: NetName=GND Pin=R?-2
Added Pin To Net: NetName=Net?_2 Pin=?-2
Added Pin To Net: NetName=Net?_2 Pin=R?-1
Added Net: Name=Net?_2
Added Member To Class: ClassName=enviornment_IMU Member=Component 100nF 885012206071
Added Member To Class: ClassName=enviornment_IMU Member=Component 100nF 885012206071
Added Member To Class: ClassName=enviornment_IMU Member=Component 100nF 885012206071
Added Member To Class: ClassName=current_measure Member=Component ? 0603Bl
Added Member To Class: ClassName=enviornment_IMU Member=Component R2 Resistor 10k +/-1% 0805 125 mW
Added Member To Class: ClassName=enviornment_IMU Member=Component R3 Resistor 10k +/-1% 0805 125 mW
Added Member To Class: ClassName=enviornment_IMU Member=Component R4 Resistor 10k +/-1% 0805 125 mW
Added Member To Class: ClassName=current_measure Member=Component R? Resistor 10k +/-1% 0805 125 mW
Added Member To Class: ClassName=enviornment_IMU Member=Component RLED2 Resistor 10k +/-1% 0805 125 mW
Added Member To Class: ClassName=enviornment_IMU Member=Component RLED3 Resistor 10k +/-1% 0805 125 mW
Added Member To Class: ClassName=camera_hdmi Member=Component  885012206071
Added Member To Class: ClassName=current_measure Member=Component  885012206071
Added Member To Class: ClassName=enviornment_IMU Member=Component  885012206071
Added Room: Name=camera_hdmi
Added Room: Name=current_measure
Added Room: Name=enviornment_IMU
Added Room: Name=LV_breakout_main
