Removed Pin From Net: NetName=CM4_3.3V Pin=BNO085-28
Removed Pin From Net: NetName=CM4_3.3V Pin=IC's_JMP-2
Change Designator: Invalid Designator
Change Component Designator: OldDesignator= NewDesignator=r
Added Pin To Net: NetName=NetBNO085_28 Pin=BNO085-28
Added Pin To Net: NetName=NetBNO085_28 Pin=IC's_JMP-2
Added Net: Name=NetBNO085_28
Added Member To Class: ClassName=enviornment_IMU Member=Component r Resistor 10k +/-1% 0805 125 mW
Added Member To Class: ClassName=camera_hdmi Member=Component  885012206071
Added Member To Class: ClassName=current_measure Member=Component  885012206071
Added Member To Class: ClassName=current_measure Member=Component  885012206071
Added Member To Class: ClassName=current_measure Member=Component  0603Bl
Added Member To Class: ClassName=enviornment_IMU Member=Component  885012206071
Added Member To Class: ClassName=enviornment_IMU Member=Component  Resistor 10k +/-1% 0805 125 mW
Added Member To Class: ClassName=enviornment_IMU Member=Component  885012206071
Added Member To Class: ClassName=enviornment_IMU Member=Component  885012206071
Added Member To Class: ClassName=enviornment_IMU Member=Component  Resistor 10k +/-1% 0805 125 mW
Added Member To Class: ClassName=enviornment_IMU Member=Component  885012206071
Added Member To Class: ClassName=enviornment_IMU Member=Component  885012206071
Added Member To Class: ClassName=enviornment_IMU Member=Component  Resistor 10k +/-1% 0805 125 mW
Added Room: Name=camera_hdmi
Added Room: Name=current_measure
Added Room: Name=enviornment_IMU
Added Room: Name=LV_breakout_main
