Change Designator: Invalid Designator
Added Component: Designator=J?(JF-5_SSQ-105-01-X-S)
Add component (AddParameter): Name = "DataSheet"; Value = "https://datasheet.lcsc.com/lcsc/1811092140_BOOMELE-Boom-Precision-Elec-C50950_C50950.pdf"; VariantName = "[No Variations]"
Add component (AddParameter): Name = "LCSC PART#"; Value = "C50950"; VariantName = "[No Variations]"
Add component (AddParameter): Name = "MFR PART #"; Value = "SSQ-105-01-X-SJ"; VariantName = "[No Variations]"
Added Pin To Net: NetName=CM4_3.3V Pin=J?-1
Added Pin To Net: NetName=I2C_SDA Pin=J?-2
Added Pin To Net: NetName=I2C_SCLK Pin=J?-3
Added Pin To Net: NetName=GND Pin=J?-4
Added Pin To Net: NetName=BNE_ADR Pin=J?-5
Added Member To Class: ClassName=LV_breakout_main Member=Component H? Stencil Hole
Added Member To Class: ClassName=LV_breakout_main Member=Component H? Stencil Hole
Added Member To Class: ClassName=LV_breakout_main Member=Component H? Stencil Hole
Added Member To Class: ClassName=LV_breakout_main Member=Component J? SSQ-105-01-X-SJ
Added Member To Class: ClassName=camera_hdmi Member=Component  885012206071
Added Member To Class: ClassName=current_measure Member=Component  0603Bl
Added Member To Class: ClassName=current_measure Member=Component  885012206071
Added Member To Class: ClassName=current_measure Member=Component  885012206071
Added Member To Class: ClassName=enviornment_IMU Member=Component  885012206071
Added Member To Class: ClassName=enviornment_IMU Member=Component  885012206071
Added Member To Class: ClassName=enviornment_IMU Member=Component  Resistor 10k +/-1% 0805 125 mW
Added Member To Class: ClassName=enviornment_IMU Member=Component  885012206071
Added Member To Class: ClassName=enviornment_IMU Member=Component  Resistor 10k +/-1% 0805 125 mW
Added Member To Class: ClassName=enviornment_IMU Member=Component  885012206071
Added Member To Class: ClassName=enviornment_IMU Member=Component  885012206071
Added Member To Class: ClassName=enviornment_IMU Member=Component  Resistor 10k +/-1% 0805 125 mW
Added Room: Name=camera_hdmi
Added Room: Name=current_measure
Added Room: Name=enviornment_IMU
Added Room: Name=LV_breakout_main
