Removed Pin From Net: NetName=HDMI1_D2P Pin=HDMI-1
Removed Pin From Net: NetName=HDMI1_D2N Pin=HDMI-3
Removed Pin From Net: NetName=HDMI_D1P Pin=HDMI-4
Removed Pin From Net: NetName=HDMI_D1N Pin=HDMI-6
Removed Pin From Net: NetName=HDMI1_D0P Pin=HDMI-7
Removed Pin From Net: NetName=HDMI1_D0N Pin=HDMI-9
Removed Member From Class: ClassName=camera_hdmi Member=H?
Removed Member From Class: ClassName=current_measure Member=H?
Removed Member From Class: ClassName=enviornment_IMU Member=H?
Removed Member From Class: ClassName=USB_ETHERNET_SD Member=H?
Change Designator: Invalid Designator
Added Pin To Net: NetName=HDMI1_D0_N Pin=HDMI-9
Added Net: Name=HDMI1_D0_N
Added Pin To Net: NetName=HDMI1_D0_P Pin=HDMI-7
Added Net: Name=HDMI1_D0_P
Added Pin To Net: NetName=HDMI1_D2_N Pin=HDMI-3
Added Net: Name=HDMI1_D2_N
Added Pin To Net: NetName=HDMI1_D2_P Pin=HDMI-1
Added Net: Name=HDMI1_D2_P
Added Pin To Net: NetName=HDMI_D1_N Pin=HDMI-6
Added Net: Name=HDMI_D1_N
Added Pin To Net: NetName=HDMI_D1_P Pin=HDMI-4
Added Net: Name=HDMI_D1_P
Added Differential Pair: Name=HDMI1_D0
Added Differential Pair: Name=HDMI1_D2
Added Differential Pair: Name=HDMI_D1
Added Member To Class: ClassName=LV_breakout_main Member=Component H? Stencil Hole
Added Member To Class: ClassName=LV_breakout_main Member=Component H? Stencil Hole
Added Member To Class: ClassName=LV_breakout_main Member=Component H? Stencil Hole
Added Member To Class: ClassName=camera_hdmi Member=Component  885012206071
Added Member To Class: ClassName=camera_hdmi Member=Component  885012206071
Added Member To Class: ClassName=current_measure Member=Component  0603Bl
Added Member To Class: ClassName=current_measure Member=Component  Resistor 10k +/-1% 0805 125 mW
Added Member To Class: ClassName=current_measure Member=Component  885012206071
Added Member To Class: ClassName=current_measure Member=Component  885012206071
Added Member To Class: ClassName=enviornment_IMU Member=Component  885012206071
Added Member To Class: ClassName=enviornment_IMU Member=Component  885012206071
Added Member To Class: ClassName=enviornment_IMU Member=Component  Resistor 10k +/-1% 0805 125 mW
Added Member To Class: ClassName=enviornment_IMU Member=Component  885012206071
Added Member To Class: ClassName=enviornment_IMU Member=Component  Resistor 10k +/-1% 0805 125 mW
Added Member To Class: ClassName=enviornment_IMU Member=Component  885012206071
Added Member To Class: ClassName=enviornment_IMU Member=Component  885012206071
Added Member To Class: ClassName=enviornment_IMU Member=Component  Resistor 10k +/-1% 0805 125 mW
Added Member To Class: ClassName=enviornment_IMU Member=Component  Resistor 10k +/-1% 0805 125 mW
Added Member To Class: ClassName=LV_breakout_main Member=Component  282837-2
Added Member To Class: ClassName=USB_ETHERNET_SD Member=Component  10uF
Added Room: Name=camera_hdmi
Added Room: Name=current_measure
Added Room: Name=enviornment_IMU
Added Room: Name=LV_breakout_main
