Removed Pin From Net: NetName=CAM1_DN0 Pin=CAM-2
Removed Pin From Net: NetName=CAM1_DP0 Pin=CAM-3
Removed Pin From Net: NetName=CAM1_DN1 Pin=CAM-5
Removed Pin From Net: NetName=CAM1_DP1 Pin=CAM-6
Removed Pin From Net: NetName=CAM1_CN Pin=CAM-8
Removed Pin From Net: NetName=CAM1_CP Pin=CAM-9
Removed Pin From Net: NetName=CAM_GPIO Pin=CAM-11
Removed Pin From Net: NetName=I2C_CAM_SCLK Pin=CAM-13
Removed Pin From Net: NetName=I2C_CAM_SDA Pin=CAM-14
Removed Pin From Net: NetName=CM4_3.3V Pin=CAM-15
Change Designator: Invalid Designator
Change Component Description : Designator=ETH_MAG Old Description=1X1 New Description=1X1 | GIGABIT | Tab Up| Automotive Temperature | Low Profile | With LED
Added Member To Class: ClassName=camera_hdmi Member=Component  885012206071
Added Member To Class: ClassName=camera_hdmi Member=Component  885012206071
Added Member To Class: ClassName=current_measure Member=Component  Resistor 10k +/-1% 0805 125 mW
Added Member To Class: ClassName=current_measure Member=Component  885012206071
Added Member To Class: ClassName=current_measure Member=Component  885012206071
Added Member To Class: ClassName=current_measure Member=Component  0603Bl
Added Member To Class: ClassName=enviornment_IMU Member=Component  885012206071
Added Member To Class: ClassName=enviornment_IMU Member=Component  885012206071
Added Member To Class: ClassName=enviornment_IMU Member=Component  Resistor 10k +/-1% 0805 125 mW
Added Member To Class: ClassName=enviornment_IMU Member=Component  Resistor 10k +/-1% 0805 125 mW
Added Member To Class: ClassName=enviornment_IMU Member=Component  885012206071
Added Member To Class: ClassName=enviornment_IMU Member=Component  885012206071
Added Member To Class: ClassName=enviornment_IMU Member=Component  885012206071
Added Member To Class: ClassName=enviornment_IMU Member=Component  Resistor 10k +/-1% 0805 125 mW
Added Member To Class: ClassName=enviornment_IMU Member=Component  Resistor 10k +/-1% 0805 125 mW
Added Member To Class: ClassName=LV_breakout_main Member=Component  282837-2
Added Member To Class: ClassName=USB_ETHERNET_SD Member=Component  10uF
Added Room: Name=camera_hdmi
Added Room: Name=current_measure
Added Room: Name=enviornment_IMU
Added Room: Name=LV_breakout_main
