Removed Pin From Net: NetName=GND Pin=BME688-5
Removed Pin From Net: NetName=CM4_3.3V Pin=GND_SCLK_SDA_3.3-01
Removed Pin From Net: NetName=I2C_SDA Pin=GND_SCLK_SDA_3.3-02
Removed Pin From Net: NetName=I2C_SCLK Pin=GND_SCLK_SDA_3.3-03
Removed Pin From Net: NetName=GND Pin=GND_SCLK_SDA_3.3-04
Removed Member From Class: ClassName=LV_breakout_main Member=GND_SCLK_SDA_3.3
Change Designator: Invalid Designator
Add Component: Footprint Not Found JM-5_TSW-105-17-T-S-LL
Add Pin To Net: Unknown Pin: Pin J?-01
Add Pin To Net: Unknown Pin: Pin J?-02
Add Pin To Net: Unknown Pin: Pin J?-03
Add Pin To Net: Unknown Pin: Pin J?-04
Added Pin To Net: NetName=BNE_ADR Pin=1-100-39
Added Pin To Net: NetName=BNE_ADR Pin=BME688-5
Added Net: Name=BNE_ADR
Added Member To Class: ClassName=LV_breakout_main Member=Component H? Stencil Hole
Added Member To Class: ClassName=LV_breakout_main Member=Component H? Stencil Hole
Added Member To Class: ClassName=LV_breakout_main Member=Component H? Stencil Hole
Add Class Member: Failed to add class member : Component J? TSW-105-17-T-S-LL
Added Member To Class: ClassName=camera_hdmi Member=Component  885012206071
Added Member To Class: ClassName=current_measure Member=Component  885012206071
Added Member To Class: ClassName=current_measure Member=Component  0603Bl
Added Member To Class: ClassName=current_measure Member=Component  885012206071
Added Member To Class: ClassName=enviornment_IMU Member=Component  885012206071
Added Member To Class: ClassName=enviornment_IMU Member=Component  885012206071
Added Member To Class: ClassName=enviornment_IMU Member=Component  885012206071
Added Member To Class: ClassName=enviornment_IMU Member=Component  885012206071
Added Member To Class: ClassName=enviornment_IMU Member=Component  Resistor 10k +/-1% 0805 125 mW
Added Member To Class: ClassName=enviornment_IMU Member=Component  885012206071
Added Member To Class: ClassName=enviornment_IMU Member=Component  Resistor 10k +/-1% 0805 125 mW
Added Member To Class: ClassName=enviornment_IMU Member=Component  Resistor 10k +/-1% 0805 125 mW
Added Room: Name=camera_hdmi
Added Room: Name=current_measure
Added Room: Name=enviornment_IMU
Added Room: Name=LV_breakout_main
