Removed Pin From Net: NetName=BNE_ADR Pin=1-100-39
Removed Pin From Net: NetName=CM4_3.3V Pin=adr_gnd_sclk_sda_3.3-1
Removed Pin From Net: NetName=I2C_SDA Pin=adr_gnd_sclk_sda_3.3-2
Removed Pin From Net: NetName=I2C_SCLK Pin=adr_gnd_sclk_sda_3.3-3
Removed Pin From Net: NetName=GND Pin=adr_gnd_sclk_sda_3.3-4
Removed Pin From Net: NetName=BNE_ADR Pin=adr_gnd_sclk_sda_3.3-5
Removed Member From Class: ClassName=LV_breakout_main Member=adr_gnd_sclk_sda_3.3
Change Designator: Invalid Designator
Change Component Designator: OldDesignator= NewDesignator=H?
Change Component Designator: OldDesignator= NewDesignator=H?
Change Component Designator: OldDesignator= NewDesignator=H?
Change Component Designator: OldDesignator= NewDesignator=H?
Added Component: Designator=J?(JM-4_TSW-104-14-S-S)
Add component (AddParameter): Name = "LCSC PART#"; Value = "C2691448"; VariantName = "[No Variations]"
Add component (AddParameter): Name = "MFR PART #"; Value = "PZ254V-11-04P"; VariantName = "[No Variations]"
Add component (AddParameter): Name = "MP"; Value = "TSW-104-14-S-S"; VariantName = "[No Variations]"
Added Pin To Net: NetName=CM4_3.3V Pin=J?-01
Added Pin To Net: NetName=I2C_SDA Pin=J?-02
Added Pin To Net: NetName=I2C_SCLK Pin=J?-03
Added Pin To Net: NetName=GND Pin=J?-04
Added Member To Class: ClassName=LV_breakout_main Member=Component H? Stencil Hole
Added Member To Class: ClassName=LV_breakout_main Member=Component H? Stencil Hole
Added Member To Class: ClassName=LV_breakout_main Member=Component H? Stencil Hole
Added Member To Class: ClassName=LV_breakout_main Member=Component H? Stencil Hole
Added Member To Class: ClassName=LV_breakout_main Member=Component J? TSW-104-14-S-S
Added Member To Class: ClassName=camera_hdmi Member=Component  885012206071
Added Member To Class: ClassName=current_measure Member=Component  0603Bl
Added Member To Class: ClassName=current_measure Member=Component  885012206071
Added Member To Class: ClassName=current_measure Member=Component  885012206071
Added Member To Class: ClassName=enviornment_IMU Member=Component  885012206071
Added Member To Class: ClassName=enviornment_IMU Member=Component  885012206071
Added Member To Class: ClassName=enviornment_IMU Member=Component  Resistor 10k +/-1% 0805 125 mW
Added Member To Class: ClassName=enviornment_IMU Member=Component  885012206071
Added Member To Class: ClassName=enviornment_IMU Member=Component  885012206071
Added Member To Class: ClassName=enviornment_IMU Member=Component  885012206071
Added Member To Class: ClassName=enviornment_IMU Member=Component  Resistor 10k +/-1% 0805 125 mW
Added Member To Class: ClassName=enviornment_IMU Member=Component  Resistor 10k +/-1% 0805 125 mW
Added Room: Name=camera_hdmi
Added Room: Name=current_measure
Added Room: Name=enviornment_IMU
Added Room: Name=LV_breakout_main
