Removed Pin From Net: NetName=CM4_3.3V Pin=J?-1
Removed Member From Class: ClassName=enviornment_IMU Member=J?
Change Designator: Invalid Designator
Added Pin To Net: NetName=3.3V_BNO Pin=-1
Added Pin To Net: NetName=3.3V_BNO Pin=-1
Added Pin To Net: NetName=3.3V_BNO Pin=3.3V_BME-1
Added Pin To Net: NetName=3.3V_BNO Pin=BME688-2
Added Pin To Net: NetName=3.3V_BNO Pin=BME688-6
Added Pin To Net: NetName=3.3V_BNO Pin=BME688-8
Added Pin To Net: NetName=3.3V_BNO Pin=BME_3.3V-1
Change Net Name : Old Net Name=3.3V_BNO New Net Name=IC_POW
Added Member To Class: ClassName=camera_hdmi Member=Component  885012206071
Added Member To Class: ClassName=current_measure Member=Component  885012206071
Added Member To Class: ClassName=current_measure Member=Component  0603Bl
Added Member To Class: ClassName=current_measure Member=Component  885012206071
Added Member To Class: ClassName=enviornment_IMU Member=Component  Resistor 10k +/-1% 0805 125 mW
Added Member To Class: ClassName=enviornment_IMU Member=Component  885012206071
Added Member To Class: ClassName=enviornment_IMU Member=Component  Resistor 10k +/-1% 0805 125 mW
Added Member To Class: ClassName=enviornment_IMU Member=Component  885012206071
Added Member To Class: ClassName=enviornment_IMU Member=Component  885012206071
Added Member To Class: ClassName=enviornment_IMU Member=Component  885012206071
Added Member To Class: ClassName=enviornment_IMU Member=Component  885012206071
Added Member To Class: ClassName=enviornment_IMU Member=Component  Resistor 10k +/-1% 0805 125 mW
Added Room: Name=camera_hdmi
Added Room: Name=current_measure
Added Room: Name=enviornment_IMU
Added Room: Name=LV_breakout_main
