Removed Pin From Net: NetName=HDMI_5V Pin=HDMI_JMP-2
Removed Member From Class: ClassName=camera_hdmi Member=HDMI_JMP
Change Designator: Invalid Designator
Change Component Designator: OldDesignator= NewDesignator=r
Added Pin To Net: NetName=HDMI_5V Pin=HDMI-18
Added Pin To Net: NetName=HDMI_5V Pin=HDMI_5V-1
Added Member To Class: ClassName=enviornment_IMU Member=Component r Resistor 10k +/-1% 0805 125 mW
Added Member To Class: ClassName=camera_hdmi Member=Component  885012206071
Added Member To Class: ClassName=current_measure Member=Component  885012206071
Added Member To Class: ClassName=current_measure Member=Component  885012206071
Added Member To Class: ClassName=current_measure Member=Component  0603Bl
Added Member To Class: ClassName=enviornment_IMU Member=Component  Resistor 10k +/-1% 0805 125 mW
Added Member To Class: ClassName=enviornment_IMU Member=Component  Resistor 10k +/-1% 0805 125 mW
Added Member To Class: ClassName=enviornment_IMU Member=Component  885012206071
Added Member To Class: ClassName=enviornment_IMU Member=Component  885012206071
Added Member To Class: ClassName=enviornment_IMU Member=Component  885012206071
Added Member To Class: ClassName=enviornment_IMU Member=Component  Resistor 10k +/-1% 0805 125 mW
Added Member To Class: ClassName=enviornment_IMU Member=Component  885012206071
Added Member To Class: ClassName=enviornment_IMU Member=Component  885012206071
Added Room: Name=camera_hdmi
Added Room: Name=current_measure
Added Room: Name=enviornment_IMU
Added Room: Name=LV_breakout_main
